<?xml version="1.0" encoding="UTF-8"?>
<!-- Generated by org.testng.reporters.JUnitXMLReporter -->
<testsuite hostname="Jitender" name="Test" tests="4" failures="0" timestamp="4 Oct 2018 10:35:45 GMT" time="159.028" errors="0">
  <testcase name="test_case" time="23.739" classname="org.testing.testScripts.TC1"/>
  <testcase name="test_case" time="23.429" classname="org.testing.testScripts.TC2"/>
  <testcase name="test_case" time="36.225" classname="org.testing.testScripts.TC3"/>
  <testcase name="test_case" time="36.434" classname="org.testing.testScripts.TC4"/>
</testsuite> <!-- Test -->
